<?xml version="1.0" encoding="UTF-8"?>
<testsuite xmlns:xsi="http://www.w3.org/2001/XMLSchema-instance" xsi:noNamespaceSchemaLocation="https://maven.apache.org/surefire/maven-surefire-plugin/xsd/surefire-test-report.xsd" name="com.example.login.LoginServiceTest" time="0.097" tests="7" errors="0" skipped="0" failures="0">
  <properties>
[...]
</properties>
  <testcase name="testInvalidUsername" classname="com.example.login.LoginServiceTest" time="0.006"/>
  <testcase name="testValidLogin" classname="com.example.login.LoginServiceTest" time="0.011"/>
  <testcase name="testInvalidPassword" classname="com.example.login.LoginServiceTest" time="0.002"/>
  <testcase name="testInvalidMobile" classname="com.example.login.LoginServiceTest" time="0"/>
  <testcase name="testNullValues" classname="com.example.login.LoginServiceTest" time="0"/>
  <testcase name="testInvalidEmail" classname="com.example.login.LoginServiceTest" time="0"/>
  <testcase name="testInvalidDOB" classname="com.example.login.LoginServiceTest" time="0"/>
</testsuite>